multiDateCalander/build/outputs/logs/manifest-merger-debug-report.txt
-- Merging decision tree log ---
manifest
ADDED from src/main/AndroidManifest.xml:3:1-9:12
INJECTED from src/main/AndroidManifest.xml:3:1-9:12
INJECTED from src/main/AndroidManifest.xml:3:1-9:12
INJECTED from src/main/AndroidManifest.xml:3:1-9:12
INJECTED from src/main/AndroidManifest.xml:3:1-9:12
INJECTED from src/main/AndroidManifest.xml:3:1-9:12
INJECTED from src/main/AndroidManifest.xml:3:1-9:12
	package
		ADDED from src/main/AndroidManifest.xml:4:5-39
		INJECTED from src/main/AndroidManifest.xml
		INJECTED from src/main/AndroidManifest.xml
	android:versionName
		ADDED from src/main/AndroidManifest.xml:6:5-30
		INJECTED from src/main/AndroidManifest.xml
		INJECTED from src/main/AndroidManifest.xml
	xmlns:android
		ADDED from src/main/AndroidManifest.xml:3:11-69
	android:versionCode
		ADDED from src/main/AndroidManifest.xml:5:5-28
		INJECTED from src/main/AndroidManifest.xml
		INJECTED from src/main/AndroidManifest.xml
uses-sdk
ADDED from src/main/AndroidManifest.xml:8:5-72
INJECTED from src/main/AndroidManifest.xml:8:5-72
INJECTED from src/main/AndroidManifest.xml:8:5-72
INJECTED from src/main/AndroidManifest.xml:8:5-72
INJECTED from src/main/AndroidManifest.xml:8:5-72
	android:targetSdkVersion
		ADDED from src/main/AndroidManifest.xml:8:41-70
		INJECTED from src/main/AndroidManifest.xml
		INJECTED from src/main/AndroidManifest.xml
	android:minSdkVersion
		ADDED from src/main/AndroidManifest.xml:8:15-40
		INJECTED from src/main/AndroidManifest.xml
		INJECTED from src/main/AndroidManifest.xml